<?xml version="1.0" encoding="UTF-8"?>
<testng-results skipped="0" failed="0" ignored="0" total="1" passed="1">
  <reporter-output>
  </reporter-output>
  <suite name="Default suite" duration-ms="25234" started-at="2019-01-28T10:53:10Z" finished-at="2019-01-28T10:53:36Z">
    <groups>
    </groups>
    <test name="Default test" duration-ms="25234" started-at="2019-01-28T10:53:10Z" finished-at="2019-01-28T10:53:36Z">
      <class name="practice.NewTest">
        <test-method status="PASS" signature="f()[pri:0, instance:practice.NewTest@2038ae61]" name="f" duration-ms="25212" started-at="2019-01-28T16:23:10Z" finished-at="2019-01-28T16:23:36Z">
          <reporter-output>
          </reporter-output>
        </test-method> <!-- f -->
      </class> <!-- practice.NewTest -->
    </test> <!-- Default test -->
  </suite> <!-- Default suite -->
</testng-results>
